# JRE version: OpenJDK Runtime Environment (11.0.15) (build 11.0.15+0-b2043.56-9505619)
# Java VM: OpenJDK 64-Bit Server VM (11.0.15+0-b2043.56-9505619, mixed mode, tiered, compressed oops, g1 gc, windows-amd64)
Heap:
 garbage-first heap   total 343040K, used 228071K [0x0000000080000000, 0x0000000100000000)
  region size 1024K, 54 young (55296K), 11 survivors (11264K)
 Metaspace       used 153580K, capacity 158552K, committed 159536K, reserved 1187840K
  class space    used 18143K, capacity 19966K, committed 20352K, reserved 1048576K
GC Heap History (20 events):
Event: 15703.473 GC heap before
{Heap before GC invocations=295 (full 0):
 garbage-first heap   total 343040K, used 260454K [0x0000000080000000, 0x0000000100000000)
  region size 1024K, 122 young (124928K), 2 survivors (2048K)
 Metaspace       used 153516K, capacity 158549K, committed 159536K, reserved 1187840K
  class space    used 18142K, capacity 19966K, committed 20352K, reserved 1048576K
}
Event: 15703.487 GC heap after
{Heap after GC invocations=296 (full 0):
 garbage-first heap   total 343040K, used 144129K [0x0000000080000000, 0x0000000100000000)
  region size 1024K, 7 young (7168K), 7 survivors (7168K)
 Metaspace       used 153516K, capacity 158549K, committed 159536K, reserved 1187840K
  class space    used 18142K, capacity 19966K, committed 20352K, reserved 1048576K
}
Event: 15705.492 GC heap before
{Heap before GC invocations=297 (full 0):
 garbage-first heap   total 343040K, used 269057K [0x0000000080000000, 0x0000000100000000)
  region size 1024K, 128 young (131072K), 7 survivors (7168K)
 Metaspace       used 153534K, capacity 158550K, committed 159536K, reserved 1187840K
  class space    used 18142K, capacity 19966K, committed 20352K, reserved 1048576K
}
Event: 15705.523 GC heap after
{Heap after GC invocations=298 (full 0):
 garbage-first heap   total 343040K, used 164862K [0x0000000080000000, 0x0000000100000000)
  region size 1024K, 16 young (16384K), 16 survivors (16384K)
 Metaspace       used 153534K, capacity 158550K, committed 159536K, reserved 1187840K
  class space    used 18142K, capacity 19966K, committed 20352K, reserved 1048576K
}
Event: 15705.556 GC heap before
{Heap before GC invocations=298 (full 0):
 garbage-first heap   total 343040K, used 165886K [0x0000000080000000, 0x0000000100000000)
  region size 1024K, 17 young (17408K), 16 survivors (16384K)
 Metaspace       used 153534K, capacity 158550K, committed 159536K, reserved 1187840K
  class space    used 18142K, capacity 19966K, committed 20352K, reserved 1048576K
}
Event: 15705.582 GC heap after
{Heap after GC invocations=299 (full 0):
 garbage-first heap   total 343040K, used 154260K [0x0000000080000000, 0x0000000100000000)
  region size 1024K, 2 young (2048K), 2 survivors (2048K)
 Metaspace       used 153534K, capacity 158550K, committed 159536K, reserved 1187840K
  class space    used 18142K, capacity 19966K, committed 20352K, reserved 1048576K
}
Event: 15706.010 GC heap before
{Heap before GC invocations=299 (full 0):
 garbage-first heap   total 343040K, used 168596K [0x0000000080000000, 0x0000000100000000)
  region size 1024K, 17 young (17408K), 2 survivors (2048K)
 Metaspace       used 153534K, capacity 158550K, committed 159536K, reserved 1187840K
  class space    used 18142K, capacity 19966K, committed 20352K, reserved 1048576K
}
Event: 15706.017 GC heap after
{Heap after GC invocations=300 (full 0):
 garbage-first heap   total 343040K, used 152924K [0x0000000080000000, 0x0000000100000000)
  region size 1024K, 1 young (1024K), 1 survivors (1024K)
 Metaspace       used 153534K, capacity 158550K, committed 159536K, reserved 1187840K
  class space    used 18142K, capacity 19966K, committed 20352K, reserved 1048576K
}
Event: 15706.507 GC heap before
{Heap before GC invocations=301 (full 0):
 garbage-first heap   total 343040K, used 276828K [0x0000000080000000, 0x0000000100000000)
  region size 1024K, 118 young (120832K), 1 survivors (1024K)
 Metaspace       used 153549K, capacity 158551K, committed 159536K, reserved 1187840K
  class space    used 18142K, capacity 19966K, committed 20352K, reserved 1048576K
}
Event: 15706.516 GC heap after
{Heap after GC invocations=302 (full 0):
 garbage-first heap   total 343040K, used 158348K [0x0000000080000000, 0x0000000100000000)
  region size 1024K, 6 young (6144K), 6 survivors (6144K)
 Metaspace       used 153549K, capacity 158551K, committed 159536K, reserved 1187840K
  class space    used 18142K, capacity 19966K, committed 20352K, reserved 1048576K
}
Event: 15706.540 GC heap before
{Heap before GC invocations=302 (full 0):
 garbage-first heap   total 343040K, used 167564K [0x0000000080000000, 0x0000000100000000)
  region size 1024K, 16 young (16384K), 6 survivors (6144K)
 Metaspace       used 153549K, capacity 158551K, committed 159536K, reserved 1187840K
  class space    used 18142K, capacity 19966K, committed 20352K, reserved 1048576K
}
Event: 15706.561 GC heap after
{Heap after GC invocations=303 (full 0):
 garbage-first heap   total 343040K, used 154555K [0x0000000080000000, 0x0000000100000000)
  region size 1024K, 2 young (2048K), 2 survivors (2048K)
 Metaspace       used 153549K, capacity 158551K, committed 159536K, reserved 1187840K
  class space    used 18142K, capacity 19966K, committed 20352K, reserved 1048576K
}
Event: 15706.637 GC heap before
{Heap before GC invocations=303 (full 0):
 garbage-first heap   total 343040K, used 161723K [0x0000000080000000, 0x0000000100000000)
  region size 1024K, 11 young (11264K), 2 survivors (2048K)
 Metaspace       used 153549K, capacity 158551K, committed 159536K, reserved 1187840K
  class space    used 18142K, capacity 19966K, committed 20352K, reserved 1048576K
}
Event: 15706.644 GC heap after
{Heap after GC invocations=304 (full 0):
 garbage-first heap   total 343040K, used 155963K [0x0000000080000000, 0x0000000100000000)
  region size 1024K, 4 young (4096K), 4 survivors (4096K)
 Metaspace       used 153549K, capacity 158551K, committed 159536K, reserved 1187840K
  class space    used 18142K, capacity 19966K, committed 20352K, reserved 1048576K
}
Event: 15782.149 GC heap before
{Heap before GC invocations=305 (full 0):
 garbage-first heap   total 343040K, used 301371K [0x0000000080000000, 0x0000000100000000)
  region size 1024K, 85 young (87040K), 4 survivors (4096K)
 Metaspace       used 153558K, capacity 158552K, committed 159536K, reserved 1187840K
  class space    used 18142K, capacity 19966K, committed 20352K, reserved 1048576K
}
Event: 15782.161 GC heap after
{Heap after GC invocations=306 (full 0):
 garbage-first heap   total 343040K, used 169742K [0x0000000080000000, 0x0000000100000000)
  region size 1024K, 11 young (11264K), 11 survivors (11264K)
 Metaspace       used 153558K, capacity 158552K, committed 159536K, reserved 1187840K
  class space    used 18142K, capacity 19966K, committed 20352K, reserved 1048576K
}
Event: 15782.175 GC heap before
{Heap before GC invocations=306 (full 0):
 garbage-first heap   total 343040K, used 174862K [0x0000000080000000, 0x0000000100000000)
  region size 1024K, 16 young (16384K), 11 survivors (11264K)
 Metaspace       used 153558K, capacity 158552K, committed 159536K, reserved 1187840K
  class space    used 18142K, capacity 19966K, committed 20352K, reserved 1048576K
}
Event: 15782.195 GC heap after
{Heap after GC invocations=307 (full 0):
 garbage-first heap   total 343040K, used 153106K [0x0000000080000000, 0x0000000100000000)
  region size 1024K, 2 young (2048K), 2 survivors (2048K)
 Metaspace       used 153558K, capacity 158552K, committed 159536K, reserved 1187840K
  class space    used 18142K, capacity 19966K, committed 20352K, reserved 1048576K
}
Event: 15782.306 GC heap before
{Heap before GC invocations=307 (full 0):
 garbage-first heap   total 343040K, used 184850K [0x0000000080000000, 0x0000000100000000)
  region size 1024K, 35 young (35840K), 2 survivors (2048K)
 Metaspace       used 153562K, capacity 158552K, committed 159536K, reserved 1187840K
  class space    used 18142K, capacity 19966K, committed 20352K, reserved 1048576K
}
Event: 15782.323 GC heap after
{Heap after GC invocations=308 (full 0):
 garbage-first heap   total 343040K, used 170727K [0x0000000080000000, 0x0000000100000000)
  region size 1024K, 11 young (11264K), 11 survivors (11264K)
 Metaspace       used 153562K, capacity 158552K, committed 159536K, reserved 1187840K
  class space    used 18142K, capacity 19966K, committed 20352K, reserved 1048576K
}

