# JRE version: OpenJDK Runtime Environment (11.0.15) (build 11.0.15+0-b2043.56-9505619)
# Java VM: OpenJDK 64-Bit Server VM (11.0.15+0-b2043.56-9505619, mixed mode, tiered, compressed oops, g1 gc, windows-amd64)
Heap:
 garbage-first heap   total 260096K, used 140496K [0x0000000080000000, 0x0000000100000000)
  region size 1024K, 25 young (25600K), 7 survivors (7168K)
 Metaspace       used 101449K, capacity 104223K, committed 104484K, reserved 1140736K
  class space    used 12960K, capacity 14021K, committed 14156K, reserved 1048576K
GC Heap History (20 events):
Event: 10.729 GC heap before
{Heap before GC invocations=8 (full 0):
 garbage-first heap   total 260096K, used 51137K [0x0000000080000000, 0x0000000100000000)
  region size 1024K, 28 young (28672K), 19 survivors (19456K)
 Metaspace       used 58520K, capacity 60087K, committed 60208K, reserved 1101824K
  class space    used 7388K, capacity 7988K, committed 8064K, reserved 1048576K
}
Event: 10.766 GC heap after
{Heap after GC invocations=9 (full 0):
 garbage-first heap   total 260096K, used 44876K [0x0000000080000000, 0x0000000100000000)
  region size 1024K, 2 young (2048K), 2 survivors (2048K)
 Metaspace       used 58520K, capacity 60087K, committed 60208K, reserved 1101824K
  class space    used 7388K, capacity 7988K, committed 8064K, reserved 1048576K
}
Event: 15.288 GC heap before
{Heap before GC invocations=10 (full 0):
 garbage-first heap   total 260096K, used 189260K [0x0000000080000000, 0x0000000100000000)
  region size 1024K, 135 young (138240K), 2 survivors (2048K)
 Metaspace       used 66447K, capacity 68205K, committed 68528K, reserved 1107968K
  class space    used 8404K, capacity 9110K, committed 9216K, reserved 1048576K
}
Event: 15.324 GC heap after
{Heap after GC invocations=11 (full 0):
 garbage-first heap   total 260096K, used 54464K [0x0000000080000000, 0x0000000100000000)
  region size 1024K, 12 young (12288K), 12 survivors (12288K)
 Metaspace       used 66447K, capacity 68205K, committed 68528K, reserved 1107968K
  class space    used 8404K, capacity 9110K, committed 9216K, reserved 1048576K
}
Event: 19.329 GC heap before
{Heap before GC invocations=11 (full 0):
 garbage-first heap   total 260096K, used 187584K [0x0000000080000000, 0x0000000100000000)
  region size 1024K, 142 young (145408K), 12 survivors (12288K)
 Metaspace       used 76648K, capacity 78586K, committed 78768K, reserved 1118208K
  class space    used 9993K, capacity 10730K, committed 10752K, reserved 1048576K
}
Event: 19.347 GC heap after
{Heap after GC invocations=12 (full 0):
 garbage-first heap   total 260096K, used 63378K [0x0000000080000000, 0x0000000100000000)
  region size 1024K, 9 young (9216K), 9 survivors (9216K)
 Metaspace       used 76648K, capacity 78586K, committed 78768K, reserved 1118208K
  class space    used 9993K, capacity 10730K, committed 10752K, reserved 1048576K
}
Event: 21.017 GC heap before
{Heap before GC invocations=12 (full 0):
 garbage-first heap   total 260096K, used 193426K [0x0000000080000000, 0x0000000100000000)
  region size 1024K, 137 young (140288K), 9 survivors (9216K)
 Metaspace       used 83898K, capacity 86047K, committed 86320K, reserved 1124352K
  class space    used 10828K, capacity 11610K, committed 11648K, reserved 1048576K
}
Event: 21.039 GC heap after
{Heap after GC invocations=13 (full 0):
 garbage-first heap   total 260096K, used 78268K [0x0000000080000000, 0x0000000100000000)
  region size 1024K, 18 young (18432K), 18 survivors (18432K)
 Metaspace       used 83898K, capacity 86047K, committed 86320K, reserved 1124352K
  class space    used 10828K, capacity 11610K, committed 11648K, reserved 1048576K
}
Event: 23.077 GC heap before
{Heap before GC invocations=13 (full 0):
 garbage-first heap   total 260096K, used 195004K [0x0000000080000000, 0x0000000100000000)
  region size 1024K, 133 young (136192K), 18 survivors (18432K)
 Metaspace       used 87258K, capacity 89693K, committed 90032K, reserved 1126400K
  class space    used 11273K, capacity 12175K, committed 12288K, reserved 1048576K
}
Event: 23.107 GC heap after
{Heap after GC invocations=14 (full 0):
 garbage-first heap   total 260096K, used 88677K [0x0000000080000000, 0x0000000100000000)
  region size 1024K, 10 young (10240K), 10 survivors (10240K)
 Metaspace       used 87258K, capacity 89693K, committed 90032K, reserved 1126400K
  class space    used 11273K, capacity 12175K, committed 12288K, reserved 1048576K
}
Event: 24.248 GC heap before
{Heap before GC invocations=14 (full 0):
 garbage-first heap   total 260096K, used 200293K [0x0000000080000000, 0x0000000100000000)
  region size 1024K, 120 young (122880K), 10 survivors (10240K)
 Metaspace       used 88215K, capacity 90782K, committed 90928K, reserved 1128448K
  class space    used 11376K, capacity 12333K, committed 12416K, reserved 1048576K
}
Event: 24.270 GC heap after
{Heap after GC invocations=15 (full 0):
 garbage-first heap   total 260096K, used 96491K [0x0000000080000000, 0x0000000100000000)
  region size 1024K, 8 young (8192K), 8 survivors (8192K)
 Metaspace       used 88215K, capacity 90782K, committed 90928K, reserved 1128448K
  class space    used 11376K, capacity 12333K, committed 12416K, reserved 1048576K
}
Event: 25.132 GC heap before
{Heap before GC invocations=15 (full 0):
 garbage-first heap   total 260096K, used 204011K [0x0000000080000000, 0x0000000100000000)
  region size 1024K, 114 young (116736K), 8 survivors (8192K)
 Metaspace       used 90564K, capacity 93175K, committed 93232K, reserved 1130496K
  class space    used 11699K, capacity 12664K, committed 12672K, reserved 1048576K
}
Event: 25.150 GC heap after
{Heap after GC invocations=16 (full 0):
 garbage-first heap   total 260096K, used 101093K [0x0000000080000000, 0x0000000100000000)
  region size 1024K, 12 young (12288K), 12 survivors (12288K)
 Metaspace       used 90564K, capacity 93175K, committed 93232K, reserved 1130496K
  class space    used 11699K, capacity 12664K, committed 12672K, reserved 1048576K
}
Event: 30.344 GC heap before
{Heap before GC invocations=16 (full 0):
 garbage-first heap   total 260096K, used 208613K [0x0000000080000000, 0x0000000100000000)
  region size 1024K, 118 young (120832K), 12 survivors (12288K)
 Metaspace       used 93765K, capacity 96415K, committed 96560K, reserved 1132544K
  class space    used 12057K, capacity 13063K, committed 13184K, reserved 1048576K
}
Event: 30.367 GC heap after
{Heap after GC invocations=17 (full 0):
 garbage-first heap   total 260096K, used 111356K [0x0000000080000000, 0x0000000100000000)
  region size 1024K, 15 young (15360K), 15 survivors (15360K)
 Metaspace       used 93765K, capacity 96415K, committed 96560K, reserved 1132544K
  class space    used 12057K, capacity 13063K, committed 13184K, reserved 1048576K
}
Event: 31.593 GC heap before
{Heap before GC invocations=17 (full 0):
 garbage-first heap   total 260096K, used 207612K [0x0000000080000000, 0x0000000100000000)
  region size 1024K, 110 young (112640K), 15 survivors (15360K)
 Metaspace       used 95102K, capacity 97809K, committed 97968K, reserved 1134592K
  class space    used 12201K, capacity 13206K, committed 13312K, reserved 1048576K
}
Event: 31.624 GC heap after
{Heap after GC invocations=18 (full 0):
 garbage-first heap   total 260096K, used 117904K [0x0000000080000000, 0x0000000100000000)
  region size 1024K, 8 young (8192K), 8 survivors (8192K)
 Metaspace       used 95102K, capacity 97809K, committed 97968K, reserved 1134592K
  class space    used 12201K, capacity 13206K, committed 13312K, reserved 1048576K
}
Event: 33.150 GC heap before
{Heap before GC invocations=18 (full 0):
 garbage-first heap   total 260096K, used 154768K [0x0000000080000000, 0x0000000100000000)
  region size 1024K, 46 young (47104K), 8 survivors (8192K)
 Metaspace       used 97898K, capacity 100572K, committed 100656K, reserved 1136640K
  class space    used 12576K, capacity 13633K, committed 13696K, reserved 1048576K
}
Event: 33.208 GC heap after
{Heap after GC invocations=19 (full 0):
 garbage-first heap   total 260096K, used 124112K [0x0000000080000000, 0x0000000100000000)
  region size 1024K, 7 young (7168K), 7 survivors (7168K)
 Metaspace       used 97898K, capacity 100572K, committed 100656K, reserved 1136640K
  class space    used 12576K, capacity 13633K, committed 13696K, reserved 1048576K
}

